<?xml version="1.0" encoding="UTF-8"?>
<testng-results ignored="0" total="1" passed="1" failed="0" skipped="0">
  <reporter-output>
  </reporter-output>
  <suite started-at="2023-09-24T12:03:44 IST" name="Default suite" finished-at="2023-09-24T12:03:44 IST" duration-ms="146">
    <groups>
    </groups>
    <test started-at="2023-09-24T12:03:44 IST" name="Default test" finished-at="2023-09-24T12:03:44 IST" duration-ms="146">
      <class name="testScripts.CalcTest">
        <test-method signature="shouldAnswerWithTrue()[pri:0, instance:testScripts.CalcTest@bd4dc25]" started-at="2023-09-24T12:03:44 IST" name="shouldAnswerWithTrue" finished-at="2023-09-24T12:03:44 IST" duration-ms="26" status="PASS">
          <reporter-output>
          </reporter-output>
        </test-method> <!-- shouldAnswerWithTrue -->
      </class> <!-- testScripts.CalcTest -->
    </test> <!-- Default test -->
  </suite> <!-- Default suite -->
</testng-results>
